[debug] [2021-04-30T21:14:18.464Z] ----------------------------------------------------------------------
[debug] [2021-04-30T21:14:18.466Z] Command:       C:\Program Files\nodejs\node_modules\node.exe C:\Users\Jorge Santamaría\AppData\Roaming\npm\node_modules\firebase-tools\lib\bin\firebase.js init
[debug] [2021-04-30T21:14:18.467Z] CLI Version:   9.10.0
[debug] [2021-04-30T21:14:18.467Z] Platform:      win32
[debug] [2021-04-30T21:14:18.467Z] Node Version:  v14.16.1
[debug] [2021-04-30T21:14:18.467Z] Time:          Fri Apr 30 2021 16:14:18 GMT-0500 (hora estándar de Colombia)
[debug] [2021-04-30T21:14:18.468Z] ----------------------------------------------------------------------
[debug] 
[debug] [2021-04-30T21:14:18.473Z] > command requires scopes: ["email","openid","https://www.googleapis.com/auth/cloudplatformprojects.readonly","https://www.googleapis.com/auth/firebase","https://www.googleapis.com/auth/cloud-platform"]
[debug] [2021-04-30T21:14:18.473Z] > authorizing via signed-in user (santamaria.web.dev@gmail.com)
[info] 
     ######## #### ########  ######## ########     ###     ######  ########
     ##        ##  ##     ## ##       ##     ##  ##   ##  ##       ##
     ######    ##  ########  ######   ########  #########  ######  ######
     ##        ##  ##    ##  ##       ##     ## ##     ##       ## ##
     ##       #### ##     ## ######## ########  ##     ##  ######  ########

You're about to initialize a Firebase project in this directory:

  C:\Users\Jorge Santamaría\Desktop\myportfolio

Before we get started, keep in mind:

  * You are initializing in an existing Firebase project directory

[info] 
=== Project Setup
[info] 
[info] First, let's associate this project directory with a Firebase project.
[info] You can create multiple project aliases by running firebase use --add, 
[info] but for now we'll just set up a default project.
[info] 
[info] i  .firebaserc already has a default project, using arizakevin-79fea. 
[debug] [2021-04-30T21:14:27.718Z] >>> [apiv2][query] GET https://firebase.googleapis.com/v1beta1/projects/arizakevin-79fea [none]
[debug] [2021-04-30T21:14:28.185Z] <<< [apiv2][status] GET https://firebase.googleapis.com/v1beta1/projects/arizakevin-79fea 403
[debug] [2021-04-30T21:14:28.185Z] <<< [apiv2][body] GET https://firebase.googleapis.com/v1beta1/projects/arizakevin-79fea {"error":{"code":403,"message":"The caller does not have permission","status":"PERMISSION_DENIED"}}
[debug] [2021-04-30T21:14:28.185Z] HTTP Error: 403, The caller does not have permission
[debug] [2021-04-30T21:14:28.470Z] FirebaseError: HTTP Error: 403, The caller does not have permission
    at module.exports (C:\Users\Jorge Santamaría\AppData\Roaming\npm\node_modules\firebase-tools\lib\responseToError.js:38:12)
    at Client.doRequest (C:\Users\Jorge Santamaría\AppData\Roaming\npm\node_modules\firebase-tools\lib\apiv2.js:238:23)
    at processTicksAndRejections (internal/process/task_queues.js:93:5)
    at async Client.request (C:\Users\Jorge Santamaría\AppData\Roaming\npm\node_modules\firebase-tools\lib\apiv2.js:96:20)
    at async Object.getFirebaseProject (C:\Users\Jorge Santamaría\AppData\Roaming\npm\node_modules\firebase-tools\lib\management\projects.js:290:21)
    at async Object.doSetup [as project] (C:\Users\Jorge Santamaría\AppData\Roaming\npm\node_modules\firebase-tools\lib\init\features\project.js:77:27)
    at async init (C:\Users\Jorge Santamaría\AppData\Roaming\npm\node_modules\firebase-tools\lib\init\index.js:19:9)
[error] 
[error] Error: Failed to get Firebase project arizakevin-79fea. Please make sure the project exists and your account has permission to access it.
[debug] [2021-04-30T21:14:35.427Z] ----------------------------------------------------------------------
[debug] [2021-04-30T21:14:35.429Z] Command:       C:\Program Files\nodejs\node_modules\node.exe C:\Users\Jorge Santamaría\AppData\Roaming\npm\node_modules\firebase-tools\lib\bin\firebase.js init
[debug] [2021-04-30T21:14:35.429Z] CLI Version:   9.10.0
[debug] [2021-04-30T21:14:35.429Z] Platform:      win32
[debug] [2021-04-30T21:14:35.429Z] Node Version:  v14.16.1
[debug] [2021-04-30T21:14:35.430Z] Time:          Fri Apr 30 2021 16:14:35 GMT-0500 (hora estándar de Colombia)
[debug] [2021-04-30T21:14:35.430Z] ----------------------------------------------------------------------
[debug] 
[debug] [2021-04-30T21:14:35.435Z] > command requires scopes: ["email","openid","https://www.googleapis.com/auth/cloudplatformprojects.readonly","https://www.googleapis.com/auth/firebase","https://www.googleapis.com/auth/cloud-platform"]
[debug] [2021-04-30T21:14:35.436Z] > authorizing via signed-in user (santamaria.web.dev@gmail.com)
[info] 
     ######## #### ########  ######## ########     ###     ######  ########
     ##        ##  ##     ## ##       ##     ##  ##   ##  ##       ##
     ######    ##  ########  ######   ########  #########  ######  ######
     ##        ##  ##    ##  ##       ##     ## ##     ##       ## ##
     ##       #### ##     ## ######## ########  ##     ##  ######  ########

You're about to initialize a Firebase project in this directory:

  C:\Users\Jorge Santamaría\Desktop\myportfolio

Before we get started, keep in mind:

  * You are initializing in an existing Firebase project directory

[info] 
=== Project Setup
[info] 
[info] First, let's associate this project directory with a Firebase project.
[info] You can create multiple project aliases by running firebase use --add, 
[info] but for now we'll just set up a default project.
[info] 
[info] i  .firebaserc already has a default project, using arizakevin-79fea. 
[debug] [2021-04-30T21:14:59.374Z] >>> [apiv2][query] GET https://firebase.googleapis.com/v1beta1/projects/arizakevin-79fea [none]
[debug] [2021-04-30T21:14:59.783Z] <<< [apiv2][status] GET https://firebase.googleapis.com/v1beta1/projects/arizakevin-79fea 403
[debug] [2021-04-30T21:14:59.783Z] <<< [apiv2][body] GET https://firebase.googleapis.com/v1beta1/projects/arizakevin-79fea {"error":{"code":403,"message":"The caller does not have permission","status":"PERMISSION_DENIED"}}
[debug] [2021-04-30T21:14:59.783Z] HTTP Error: 403, The caller does not have permission
[debug] [2021-04-30T21:14:59.991Z] FirebaseError: HTTP Error: 403, The caller does not have permission
    at module.exports (C:\Users\Jorge Santamaría\AppData\Roaming\npm\node_modules\firebase-tools\lib\responseToError.js:38:12)
    at Client.doRequest (C:\Users\Jorge Santamaría\AppData\Roaming\npm\node_modules\firebase-tools\lib\apiv2.js:238:23)
    at processTicksAndRejections (internal/process/task_queues.js:93:5)
    at async Client.request (C:\Users\Jorge Santamaría\AppData\Roaming\npm\node_modules\firebase-tools\lib\apiv2.js:96:20)
    at async Object.getFirebaseProject (C:\Users\Jorge Santamaría\AppData\Roaming\npm\node_modules\firebase-tools\lib\management\projects.js:290:21)
    at async Object.doSetup [as project] (C:\Users\Jorge Santamaría\AppData\Roaming\npm\node_modules\firebase-tools\lib\init\features\project.js:77:27)
    at async init (C:\Users\Jorge Santamaría\AppData\Roaming\npm\node_modules\firebase-tools\lib\init\index.js:19:9)
[error] 
[error] Error: Failed to get Firebase project arizakevin-79fea. Please make sure the project exists and your account has permission to access it.
